<?xml version="1.0" encoding="UTF-8"?>
<!-- Generated by org.testng.reporters.JUnitReportReporter -->
<testsuite hostname="LAPTOP-JBEQT3L7" failures="0" tests="1" name="smoketests.ATagsTest" time="5.451" errors="0" timestamp="28 Dec 2017 19:13:44 GMT" skipped="0">
  <testcase classname="smoketests.ATagsTest" name="loginElementPresentTest" time="5.451"/>
</testsuite> <!-- smoketests.ATagsTest -->
