<?xml version="1.0" encoding="UTF-8"?>
<!-- Generated by org.testng.reporters.JUnitReportReporter -->
<testsuite hostname="LAPTOP-JBEQT3L7" failures="0" tests="1" name="smoketests.loginPresentTestNG" time="6.709" errors="0" timestamp="28 Dec 2017 18:35:05 GMT" skipped="0">
  <testcase classname="smoketests.loginPresentTestNG" name="loginElementPresentTest" time="6.709"/>
</testsuite> <!-- smoketests.loginPresentTestNG -->
